INFO: [COSIM-47] Using XSIM for RTL simulation.
INFO: [COSIM-14] Instrumenting C test bench ...
   Build using "C:/Xilinx/Vivado/2018.2/msys64/mingw64/bin/g++"
   Compiling apatb_face_classifier_c.cpp
   Compiling (apcc) face_classifier_c_test_suite.c_pre.c.tb.c
INFO: [HLS 200-10] Running 'C:/Xilinx/Vivado/2018.2/bin/unwrapped/win64.o/apcc.exe'
INFO: [HLS 200-10] For user 'ketan' on host 'laptop-0aqmlcn3' (Windows NT_amd64 version 6.2) on Mon Apr 08 17:40:02 +0530 2024
INFO: [HLS 200-10] In directory 'C:/Users/ketan/Desktop/college/CS-577-Course-Project/TestSynth/FaceClassifier/solution1/sim/wrapc'
clang: warning: argument unused during compilation: '-fno-builtin-isinf'
clang: warning: argument unused during compilation: '-fno-builtin-isnan'
In file included from C:/Users/ketan/Desktop/college/CS-577-Course-Project/C-Code-Original/face_classifier_c_test_suite.c:1:
C:/Users/ketan/Desktop/college/CS-577-Course-Project/C-Code-Original/face_classifier_c_test_suite.c:536:39: error: initializing 'float' with an expression of incompatible type 'float *'; remove &
k2c_tensor test1_dense_input_input = {&test1_dense_input_input_array[0],1,2622,{2622, 1, 1, 1, 1}};
                                      ^~~~~~~~~~~~~~~~~~~~~~~~~~~~~~~~~
C:/Users/ketan/Desktop/college/CS-577-Course-Project/C-Code-Original/face_classifier_c_test_suite.c:540:40: error: initializing 'float' with an expression of incompatible type 'float *'; remove &
k2c_tensor keras_activation_3_test1 = {&keras_activation_3_test1_array[0],1,6,{6,1,1,1,1}};
                                       ^~~~~~~~~~~~~~~~~~~~~~~~~~~~~~~~~~
C:/Users/ketan/Desktop/college/CS-577-Course-Project/C-Code-Original/face_classifier_c_test_suite.c:542:36: error: initializing 'float' with an expression of incompatible type 'float *'; remove &
k2c_tensor c_activation_3_test1 = {&c_activation_3_test1_array[0],1,6,{6,1,1,1,1}};
                                   ^~~~~~~~~~~~~~~~~~~~~~~~~~~~~~
C:/Users/ketan/Desktop/college/CS-577-Course-Project/C-Code-Original/face_classifier_c_test_suite.c:1069:39: error: initializing 'float' with an expression of incompatible type 'float *'; remove &
k2c_tensor test2_dense_input_input = {&test2_dense_input_input_array[0],1,2622,{2622, 1, 1, 1, 1}};
                                      ^~~~~~~~~~~~~~~~~~~~~~~~~~~~~~~~~
C:/Users/ketan/Desktop/college/CS-577-Course-Project/C-Code-Original/face_classifier_c_test_suite.c:1073:40: error: initializing 'float' with an expression of incompatible type 'float *'; remove &
k2c_tensor keras_activation_3_test2 = {&keras_activation_3_test2_array[0],1,6,{6,1,1,1,1}};
                                       ^~~~~~~~~~~~~~~~~~~~~~~~~~~~~~~~~~
C:/Users/ketan/Desktop/college/CS-577-Course-Project/C-Code-Original/face_classifier_c_test_suite.c:1075:36: error: initializing 'float' with an expression of incompatible type 'float *'; remove &
k2c_tensor c_activation_3_test2 = {&c_activation_3_test2_array[0],1,6,{6,1,1,1,1}};
                                   ^~~~~~~~~~~~~~~~~~~~~~~~~~~~~~
C:/Users/ketan/Desktop/college/CS-577-Course-Project/C-Code-Original/face_classifier_c_test_suite.c:1602:39: error: initializing 'float' with an expression of incompatible type 'float *'; remove &
k2c_tensor test3_dense_input_input = {&test3_dense_input_input_array[0],1,2622,{2622, 1, 1, 1, 1}};
                                      ^~~~~~~~~~~~~~~~~~~~~~~~~~~~~~~~~
C:/Users/ketan/Desktop/college/CS-577-Course-Project/C-Code-Original/face_classifier_c_test_suite.c:1606:40: error: initializing 'float' with an expression of incompatible type 'float *'; remove &
k2c_tensor keras_activation_3_test3 = {&keras_activation_3_test3_array[0],1,6,{6,1,1,1,1}};
                                       ^~~~~~~~~~~~~~~~~~~~~~~~~~~~~~~~~~
C:/Users/ketan/Desktop/college/CS-577-Course-Project/C-Code-Original/face_classifier_c_test_suite.c:1608:36: error: initializing 'float' with an expression of incompatible type 'float *'; remove &
k2c_tensor c_activation_3_test3 = {&c_activation_3_test3_array[0],1,6,{6,1,1,1,1}};
                                   ^~~~~~~~~~~~~~~~~~~~~~~~~~~~~~
C:/Users/ketan/Desktop/college/CS-577-Course-Project/C-Code-Original/face_classifier_c_test_suite.c:2135:39: error: initializing 'float' with an expression of incompatible type 'float *'; remove &
k2c_tensor test4_dense_input_input = {&test4_dense_input_input_array[0],1,2622,{2622, 1, 1, 1, 1}};
                                      ^~~~~~~~~~~~~~~~~~~~~~~~~~~~~~~~~
C:/Users/ketan/Desktop/college/CS-577-Course-Project/C-Code-Original/face_classifier_c_test_suite.c:2139:40: error: initializing 'float' with an expression of incompatible type 'float *'; remove &
k2c_tensor keras_activation_3_test4 = {&keras_activation_3_test4_array[0],1,6,{6,1,1,1,1}};
                                       ^~~~~~~~~~~~~~~~~~~~~~~~~~~~~~~~~~
C:/Users/ketan/Desktop/college/CS-577-Course-Project/C-Code-Original/face_classifier_c_test_suite.c:2141:36: error: initializing 'float' with an expression of incompatible type 'float *'; remove &
k2c_tensor c_activation_3_test4 = {&c_activation_3_test4_array[0],1,6,{6,1,1,1,1}};
                                   ^~~~~~~~~~~~~~~~~~~~~~~~~~~~~~
C:/Users/ketan/Desktop/college/CS-577-Course-Project/C-Code-Original/face_classifier_c_test_suite.c:2668:39: error: initializing 'float' with an expression of incompatible type 'float *'; remove &
k2c_tensor test5_dense_input_input = {&test5_dense_input_input_array[0],1,2622,{2622, 1, 1, 1, 1}};
                                      ^~~~~~~~~~~~~~~~~~~~~~~~~~~~~~~~~
C:/Users/ketan/Desktop/college/CS-577-Course-Project/C-Code-Original/face_classifier_c_test_suite.c:2672:40: error: initializing 'float' with an expression of incompatible type 'float *'; remove &
k2c_tensor keras_activation_3_test5 = {&keras_activation_3_test5_array[0],1,6,{6,1,1,1,1}};
                                       ^~~~~~~~~~~~~~~~~~~~~~~~~~~~~~~~~~
C:/Users/ketan/Desktop/college/CS-577-Course-Project/C-Code-Original/face_classifier_c_test_suite.c:2674:36: error: initializing 'float' with an expression of incompatible type 'float *'; remove &
k2c_tensor c_activation_3_test5 = {&c_activation_3_test5_array[0],1,6,{6,1,1,1,1}};
                                   ^~~~~~~~~~~~~~~~~~~~~~~~~~~~~~
C:/Users/ketan/Desktop/college/CS-577-Course-Project/C-Code-Original/face_classifier_c_test_suite.c:3201:39: error: initializing 'float' with an expression of incompatible type 'float *'; remove &
k2c_tensor test6_dense_input_input = {&test6_dense_input_input_array[0],1,2622,{2622, 1, 1, 1, 1}};
                                      ^~~~~~~~~~~~~~~~~~~~~~~~~~~~~~~~~
C:/Users/ketan/Desktop/college/CS-577-Course-Project/C-Code-Original/face_classifier_c_test_suite.c:3205:40: error: initializing 'float' with an expression of incompatible type 'float *'; remove &
k2c_tensor keras_activation_3_test6 = {&keras_activation_3_test6_array[0],1,6,{6,1,1,1,1}};
                                       ^~~~~~~~~~~~~~~~~~~~~~~~~~~~~~~~~~
C:/Users/ketan/Desktop/college/CS-577-Course-Project/C-Code-Original/face_classifier_c_test_suite.c:3207:36: error: initializing 'float' with an expression of incompatible type 'float *'; remove &
k2c_tensor c_activation_3_test6 = {&c_activation_3_test6_array[0],1,6,{6,1,1,1,1}};
                                   ^~~~~~~~~~~~~~~~~~~~~~~~~~~~~~
C:/Users/ketan/Desktop/college/CS-577-Course-Project/C-Code-Original/face_classifier_c_test_suite.c:3734:39: error: initializing 'float' with an expression of incompatible type 'float *'; remove &
k2c_tensor test7_dense_input_input = {&test7_dense_input_input_array[0],1,2622,{2622, 1, 1, 1, 1}};
                                      ^~~~~~~~~~~~~~~~~~~~~~~~~~~~~~~~~
fatal error: too many errors emitted, stopping now [-ferror-limit=]
20 errors generated.
INFO: [APCC 202-3] Tmp directory is apcc_db
   Compiling (apcc) k2c_core_layers.c_pre.c.tb.c
INFO: [HLS 200-10] Running 'C:/Xilinx/Vivado/2018.2/bin/unwrapped/win64.o/apcc.exe'
INFO: [HLS 200-10] For user 'ketan' on host 'laptop-0aqmlcn3' (Windows NT_amd64 version 6.2) on Mon Apr 08 17:40:05 +0530 2024
INFO: [HLS 200-10] In directory 'C:/Users/ketan/Desktop/college/CS-577-Course-Project/TestSynth/FaceClassifier/solution1/sim/wrapc'
clang: warning: argument unused during compilation: '-fno-builtin-isinf'
clang: warning: argument unused during compilation: '-fno-builtin-isnan'
INFO: [APCC 202-3] Tmp directory is apcc_db
INFO: [APCC 202-1] APCC is done.
   Compiling (apcc) k2c_recurrent_layers.c_pre.c.tb.c
INFO: [HLS 200-10] Running 'C:/Xilinx/Vivado/2018.2/bin/unwrapped/win64.o/apcc.exe'
INFO: [HLS 200-10] For user 'ketan' on host 'laptop-0aqmlcn3' (Windows NT_amd64 version 6.2) on Mon Apr 08 17:40:09 +0530 2024
INFO: [HLS 200-10] In directory 'C:/Users/ketan/Desktop/college/CS-577-Course-Project/TestSynth/FaceClassifier/solution1/sim/wrapc'
clang: warning: argument unused during compilation: '-fno-builtin-isinf'
clang: warning: argument unused during compilation: '-fno-builtin-isnan'
INFO: [APCC 202-3] Tmp directory is apcc_db
INFO: [APCC 202-1] APCC is done.
   Compiling (apcc) k2c_activations.c_pre.c.tb.c
INFO: [HLS 200-10] Running 'C:/Xilinx/Vivado/2018.2/bin/unwrapped/win64.o/apcc.exe'
INFO: [HLS 200-10] For user 'ketan' on host 'laptop-0aqmlcn3' (Windows NT_amd64 version 6.2) on Mon Apr 08 17:40:12 +0530 2024
INFO: [HLS 200-10] In directory 'C:/Users/ketan/Desktop/college/CS-577-Course-Project/TestSynth/FaceClassifier/solution1/sim/wrapc'
clang: warning: argument unused during compilation: '-fno-builtin-isinf'
clang: warning: argument unused during compilation: '-fno-builtin-isnan'
INFO: [APCC 202-3] Tmp directory is apcc_db
INFO: [APCC 202-1] APCC is done.
   Compiling (apcc) k2c_merge_layers.c_pre.c.tb.c
INFO: [HLS 200-10] Running 'C:/Xilinx/Vivado/2018.2/bin/unwrapped/win64.o/apcc.exe'
INFO: [HLS 200-10] For user 'ketan' on host 'laptop-0aqmlcn3' (Windows NT_amd64 version 6.2) on Mon Apr 08 17:40:16 +0530 2024
INFO: [HLS 200-10] In directory 'C:/Users/ketan/Desktop/college/CS-577-Course-Project/TestSynth/FaceClassifier/solution1/sim/wrapc'
clang: warning: argument unused during compilation: '-fno-builtin-isinf'
clang: warning: argument unused during compilation: '-fno-builtin-isnan'
INFO: [APCC 202-3] Tmp directory is apcc_db
INFO: [APCC 202-1] APCC is done.
   Compiling (apcc) k2c_normalization_layers.c_pre.c.tb.c
INFO: [HLS 200-10] Running 'C:/Xilinx/Vivado/2018.2/bin/unwrapped/win64.o/apcc.exe'
INFO: [HLS 200-10] For user 'ketan' on host 'laptop-0aqmlcn3' (Windows NT_amd64 version 6.2) on Mon Apr 08 17:40:22 +0530 2024
INFO: [HLS 200-10] In directory 'C:/Users/ketan/Desktop/college/CS-577-Course-Project/TestSynth/FaceClassifier/solution1/sim/wrapc'
clang: warning: argument unused during compilation: '-fno-builtin-isinf'
clang: warning: argument unused during compilation: '-fno-builtin-isnan'
INFO: [APCC 202-3] Tmp directory is apcc_db
INFO: [APCC 202-1] APCC is done.
   Compiling (apcc) face_classifier_c.c_pre.c.tb.c
INFO: [HLS 200-10] Running 'C:/Xilinx/Vivado/2018.2/bin/unwrapped/win64.o/apcc.exe'
INFO: [HLS 200-10] For user 'ketan' on host 'laptop-0aqmlcn3' (Windows NT_amd64 version 6.2) on Mon Apr 08 17:40:26 +0530 2024
INFO: [HLS 200-10] In directory 'C:/Users/ketan/Desktop/college/CS-577-Course-Project/TestSynth/FaceClassifier/solution1/sim/wrapc'
clang: warning: argument unused during compilation: '-fno-builtin-isinf'
clang: warning: argument unused during compilation: '-fno-builtin-isnan'
INFO: [APCC 202-3] Tmp directory is apcc_db
INFO: [APCC 202-1] APCC is done.
   Compiling (apcc) k2c_convolution_layers.c_pre.c.tb.c
INFO: [HLS 200-10] Running 'C:/Xilinx/Vivado/2018.2/bin/unwrapped/win64.o/apcc.exe'
INFO: [HLS 200-10] For user 'ketan' on host 'laptop-0aqmlcn3' (Windows NT_amd64 version 6.2) on Mon Apr 08 17:40:33 +0530 2024
INFO: [HLS 200-10] In directory 'C:/Users/ketan/Desktop/college/CS-577-Course-Project/TestSynth/FaceClassifier/solution1/sim/wrapc'
clang: warning: argument unused during compilation: '-fno-builtin-isinf'
clang: warning: argument unused during compilation: '-fno-builtin-isnan'
INFO: [APCC 202-3] Tmp directory is apcc_db
INFO: [APCC 202-1] APCC is done.
   Compiling (apcc) k2c_helper_functions.c_pre.c.tb.c
INFO: [HLS 200-10] Running 'C:/Xilinx/Vivado/2018.2/bin/unwrapped/win64.o/apcc.exe'
INFO: [HLS 200-10] For user 'ketan' on host 'laptop-0aqmlcn3' (Windows NT_amd64 version 6.2) on Mon Apr 08 17:40:37 +0530 2024
INFO: [HLS 200-10] In directory 'C:/Users/ketan/Desktop/college/CS-577-Course-Project/TestSynth/FaceClassifier/solution1/sim/wrapc'
clang: warning: argument unused during compilation: '-fno-builtin-isinf'
clang: warning: argument unused during compilation: '-fno-builtin-isnan'
INFO: [APCC 202-3] Tmp directory is apcc_db
INFO: [APCC 202-1] APCC is done.
   Compiling (apcc) k2c_pooling_layers.c_pre.c.tb.c
INFO: [HLS 200-10] Running 'C:/Xilinx/Vivado/2018.2/bin/unwrapped/win64.o/apcc.exe'
INFO: [HLS 200-10] For user 'ketan' on host 'laptop-0aqmlcn3' (Windows NT_amd64 version 6.2) on Mon Apr 08 17:40:41 +0530 2024
INFO: [HLS 200-10] In directory 'C:/Users/ketan/Desktop/college/CS-577-Course-Project/TestSynth/FaceClassifier/solution1/sim/wrapc'
clang: warning: argument unused during compilation: '-fno-builtin-isinf'
clang: warning: argument unused during compilation: '-fno-builtin-isnan'
INFO: [APCC 202-3] Tmp directory is apcc_db
INFO: [APCC 202-1] APCC is done.
   Compiling (apcc) k2c_embedding_layers.c_pre.c.tb.c
INFO: [HLS 200-10] Running 'C:/Xilinx/Vivado/2018.2/bin/unwrapped/win64.o/apcc.exe'
INFO: [HLS 200-10] For user 'ketan' on host 'laptop-0aqmlcn3' (Windows NT_amd64 version 6.2) on Mon Apr 08 17:40:44 +0530 2024
INFO: [HLS 200-10] In directory 'C:/Users/ketan/Desktop/college/CS-577-Course-Project/TestSynth/FaceClassifier/solution1/sim/wrapc'
clang: warning: argument unused during compilation: '-fno-builtin-isinf'
clang: warning: argument unused during compilation: '-fno-builtin-isnan'
INFO: [APCC 202-3] Tmp directory is apcc_db
INFO: [APCC 202-1] APCC is done.
   Generating cosim.tv.exe
Makefile.rules:399: recipe for target 'cosim.tv.exe' failed
ERROR: [COSIM-317] C++ compile error.
ERROR: [COSIM-321] EXE file generate failed.
ERROR: [COSIM-321] EXE file generate failed.
ERROR: [COSIM-331] Aborting co-simulation: C simulation failed, compilation errors.
